<?xml version="1.0" encoding="UTF-8"?>
<testng-results skipped="0" failed="0" ignored="0" total="1" passed="1">
  <reporter-output>
  </reporter-output>
  <suite name="Default suite" duration-ms="14069" started-at="2019-04-26T03:57:51Z" finished-at="2019-04-26T03:58:05Z">
    <groups>
    </groups>
    <test name="Default test" duration-ms="14069" started-at="2019-04-26T03:57:51Z" finished-at="2019-04-26T03:58:05Z">
      <class name="demoproject.MyProject">
        <test-method status="PASS" signature="openApp()[pri:0, instance:demoproject.MyProject@55f3ddb1]" name="openApp" is-config="true" duration-ms="11947" started-at="2019-04-26T03:57:51Z" finished-at="2019-04-26T03:58:03Z">
          <reporter-output>
          </reporter-output>
        </test-method> <!-- openApp -->
        <test-method status="PASS" signature="tesScript()[pri:0, instance:demoproject.MyProject@55f3ddb1]" name="tesScript" duration-ms="322" started-at="2019-04-26T03:58:03Z" finished-at="2019-04-26T03:58:03Z">
          <reporter-output>
          </reporter-output>
        </test-method> <!-- tesScript -->
        <test-method status="PASS" signature="closeApp()[pri:0, instance:demoproject.MyProject@55f3ddb1]" name="closeApp" is-config="true" duration-ms="1769" started-at="2019-04-26T03:58:03Z" finished-at="2019-04-26T03:58:05Z">
          <reporter-output>
          </reporter-output>
        </test-method> <!-- closeApp -->
      </class> <!-- demoproject.MyProject -->
    </test> <!-- Default test -->
  </suite> <!-- Default suite -->
</testng-results>
